[2026-04-28T01:03:06.058Z] [INFO] HEAD 200 /api/auth/check {"ip":"unknown","apiKey":"Guest","duration":"16.17ms"}
[2026-04-28T01:04:06.800Z] [INFO] HEAD 200 /api/auth/check {"ip":"unknown","apiKey":"Guest","duration":"14.78ms"}
[2026-04-28T01:04:41.172Z] [INFO] HEAD 200 /api/auth/check {"ip":"unknown","apiKey":"Guest","duration":"4.21ms"}
[2026-04-28T01:04:42.687Z] [INFO] HEAD 200 /api/auth/check {"ip":"unknown","apiKey":"Guest","duration":"2.09ms"}
[2026-04-28T01:04:42.808Z] [INFO] GET 200 / {"ip":"unknown","apiKey":"Guest","duration":"3.36ms"}
[2026-04-28T01:04:43.161Z] [INFO] GET 200 /docs {"ip":"unknown","apiKey":"Guest","duration":"51.43ms"}
[2026-04-28T01:04:43.279Z] [INFO] HEAD 200 /api/auth/check {"ip":"unknown","apiKey":"Guest","duration":"2.66ms"}
[2026-04-28T01:04:43.486Z] [INFO] GET 200 /assets/banner.jpg {"ip":"unknown","apiKey":"Guest","duration":"5.25ms"}
[2026-04-28T01:04:43.510Z] [INFO] HEAD 200 /api/stats {"ip":"unknown","apiKey":"Guest","duration":"20.55ms"}
[2026-04-28T01:04:44.090Z] [INFO] GET 200 /favicon.png {"ip":"unknown","apiKey":"Guest","duration":"1.30ms"}
[2026-04-28T01:04:46.286Z] [INFO] HEAD 200 /api/auth/check {"ip":"unknown","apiKey":"Guest","duration":"1.62ms"}
[2026-04-28T01:04:49.496Z] [INFO] HEAD 200 /api/auth/check {"ip":"unknown","apiKey":"Guest","duration":"1.85ms"}
[2026-04-28T01:04:52.274Z] [INFO] HEAD 200 /api/auth/check {"ip":"unknown","apiKey":"Guest","duration":"2.19ms"}
[2026-04-28T01:04:55.272Z] [INFO] HEAD 200 /api/auth/check {"ip":"unknown","apiKey":"Guest","duration":"1.92ms"}
[2026-04-28T01:04:59.010Z] [INFO] HEAD 200 /api/auth/check {"ip":"unknown","apiKey":"Guest","duration":"2.25ms"}
[2026-04-28T01:05:02.002Z] [INFO] HEAD 200 /api/auth/check {"ip":"unknown","apiKey":"Guest","duration":"1.38ms"}
[2026-04-28T01:05:05.018Z] [INFO] HEAD 200 /api/auth/check {"ip":"unknown","apiKey":"Guest","duration":"1.24ms"}
[2026-04-28T01:05:08.010Z] [INFO] HEAD 200 /api/auth/check {"ip":"unknown","apiKey":"Guest","duration":"1.39ms"}
[2026-04-28T01:05:11.028Z] [INFO] HEAD 200 /api/auth/check {"ip":"unknown","apiKey":"Guest","duration":"1.63ms"}
[2026-04-28T01:05:14.011Z] [INFO] HEAD 200 /api/auth/check {"ip":"unknown","apiKey":"Guest","duration":"1.29ms"}
[2026-04-28T01:05:17.006Z] [INFO] HEAD 200 /api/auth/check {"ip":"unknown","apiKey":"Guest","duration":"1.11ms"}
[2026-04-28T01:05:19.274Z] [INFO] HEAD 200 /api/auth/check {"ip":"unknown","apiKey":"Guest","duration":"1.43ms"}
[2026-04-28T01:05:22.279Z] [INFO] HEAD 200 /api/auth/check {"ip":"unknown","apiKey":"Guest","duration":"1.47ms"}
[2026-04-28T01:05:24.288Z] [INFO] GET 200 /api/logs {"ip":"unknown","apiKey":"a8d9f1c2b3e4a5c6","duration":"2.98ms"}
[2026-04-28T01:05:25.272Z] [INFO] HEAD 200 /api/auth/check {"ip":"unknown","apiKey":"Guest","duration":"0.98ms"}
[2026-04-28T01:05:26.835Z] [INFO] GET 200 /api/logs {"ip":"unknown","apiKey":"a8d9f1c2b3e4a5c6","duration":"0.92ms"}
[2026-04-28T01:05:27.809Z] [INFO] GET 200 /api/logs {"ip":"unknown","apiKey":"a8d9f1c2b3e4a5c6","duration":"1.25ms"}
[2026-04-28T01:05:28.273Z] [INFO] HEAD 200 /api/auth/check {"ip":"unknown","apiKey":"Guest","duration":"1.21ms"}
[2026-04-28T01:05:31.281Z] [INFO] HEAD 200 /api/auth/check {"ip":"unknown","apiKey":"Guest","duration":"1.01ms"}
[2026-04-28T01:05:34.272Z] [INFO] HEAD 200 /api/auth/check {"ip":"unknown","apiKey":"Guest","duration":"1.10ms"}
[2026-04-28T01:05:37.283Z] [INFO] HEAD 200 /api/auth/check {"ip":"unknown","apiKey":"Guest","duration":"4.25ms"}
[2026-04-28T01:05:40.267Z] [INFO] HEAD 200 /api/auth/check {"ip":"unknown","apiKey":"Guest","duration":"1.04ms"}
[2026-04-28T01:05:41.815Z] [INFO] GET 200 /api/logs/2026-04-27.log {"ip":"unknown","apiKey":"a8d9f1c2b3e4a5c6","duration":"4.19ms"}
[2026-04-28T01:05:43.274Z] [INFO] HEAD 200 /api/auth/check {"ip":"unknown","apiKey":"Guest","duration":"1.97ms"}
[2026-04-28T01:05:44.489Z] [INFO] GET 200 /api/logs/2026-04-27.log {"ip":"unknown","apiKey":"a8d9f1c2b3e4a5c6","duration":"1.59ms"}
[2026-04-28T01:05:46.271Z] [INFO] HEAD 200 /api/auth/check {"ip":"unknown","apiKey":"Guest","duration":"1.16ms"}
[2026-04-28T01:05:50.016Z] [INFO] HEAD 200 /api/auth/check {"ip":"unknown","apiKey":"Guest","duration":"1.58ms"}
[2026-04-28T01:05:53.006Z] [INFO] HEAD 200 /api/auth/check {"ip":"unknown","apiKey":"Guest","duration":"1.50ms"}
[2026-04-28T01:05:56.728Z] [INFO] HEAD 200 /api/auth/check {"ip":"unknown","apiKey":"Guest","duration":"1.24ms"}
[2026-04-28T01:05:59.010Z] [INFO] HEAD 200 /api/auth/check {"ip":"unknown","apiKey":"Guest","duration":"1.16ms"}
[2026-04-28T01:06:02.019Z] [INFO] HEAD 200 /api/auth/check {"ip":"unknown","apiKey":"Guest","duration":"1.72ms"}
[2026-04-28T01:06:05.007Z] [INFO] HEAD 200 /api/auth/check {"ip":"unknown","apiKey":"Guest","duration":"0.94ms"}
[2026-04-28T01:06:08.007Z] [INFO] HEAD 200 /api/auth/check {"ip":"unknown","apiKey":"Guest","duration":"1.10ms"}
[2026-04-28T01:06:11.014Z] [INFO] HEAD 200 /api/auth/check {"ip":"unknown","apiKey":"Guest","duration":"1.20ms"}
[2026-04-28T01:06:14.013Z] [INFO] HEAD 200 /api/auth/check {"ip":"unknown","apiKey":"Guest","duration":"5.07ms"}
[2026-04-28T01:06:17.009Z] [INFO] HEAD 200 /api/auth/check {"ip":"unknown","apiKey":"Guest","duration":"1.02ms"}
[2026-04-28T01:06:20.006Z] [INFO] HEAD 200 /api/auth/check {"ip":"unknown","apiKey":"Guest","duration":"1.01ms"}
[2026-04-28T01:06:23.007Z] [INFO] HEAD 200 /api/auth/check {"ip":"unknown","apiKey":"Guest","duration":"0.99ms"}
[2026-04-28T01:06:26.008Z] [INFO] HEAD 200 /api/auth/check {"ip":"unknown","apiKey":"Guest","duration":"1.18ms"}
[2026-04-28T01:06:29.008Z] [INFO] HEAD 200 /api/auth/check {"ip":"unknown","apiKey":"Guest","duration":"1.12ms"}
[2026-04-28T01:06:32.019Z] [INFO] HEAD 200 /api/auth/check {"ip":"unknown","apiKey":"Guest","duration":"1.30ms"}
[2026-04-28T01:06:35.017Z] [INFO] HEAD 200 /api/auth/check {"ip":"unknown","apiKey":"Guest","duration":"0.95ms"}
[2026-04-28T01:06:38.007Z] [INFO] HEAD 200 /api/auth/check {"ip":"unknown","apiKey":"Guest","duration":"1.03ms"}
[2026-04-28T01:06:41.018Z] [INFO] HEAD 200 /api/auth/check {"ip":"unknown","apiKey":"Guest","duration":"1.10ms"}
[2026-04-28T01:06:44.010Z] [INFO] HEAD 200 /api/auth/check {"ip":"unknown","apiKey":"Guest","duration":"1.14ms"}
[2026-04-28T01:06:47.008Z] [INFO] HEAD 200 /api/auth/check {"ip":"unknown","apiKey":"Guest","duration":"0.87ms"}
